<?xml version="1.0" encoding="UTF-8"?>
<!-- Generated by org.testng.reporters.JUnitXMLReporter -->
<testsuite hostname="BOUNCEs-MacBook-Pro-5.local" ignored="0" name="Default test" tests="2" failures="0" timestamp="10 Apr 2020 07:08:07 GMT" time="41.948" errors="0">
  <testcase name="checkoutSuccessFlow" time="21.684" classname="midtransDemo.uiAuto.Testcase_Assignment"/>
  <testcase name="checkoutFailFlow" time="3.842" classname="midtransDemo.uiAuto.Testcase_Assignment"/>
</testsuite> <!-- Default test -->
